#
# There is insufficient memory for the Java Runtime Environment to continue.
# Native memory allocation (mmap) failed to map 65536 bytes for Failed to commit metaspace.
# Possible reasons:
#   The system is out of physical RAM or swap space
#   The process is running with CompressedOops enabled, and the Java Heap may be blocking the growth of the native heap
# Possible solutions:
#   Reduce memory load on the system
#   Increase physical memory or swap space
#   Check if swap backing store is full
#   Decrease Java heap size (-Xmx/-Xms)
#   Decrease number of Java threads
#   Decrease Java thread stack sizes (-Xss)
#   Set larger code cache with -XX:ReservedCodeCacheSize=
#   JVM is running with Unscaled Compressed Oops mode in which the Java heap is
#     placed in the first 4GB address space. The Java Heap base address is the
#     maximum limit for the native heap growth. Please use -XX:HeapBaseMinAddress
#     to set the Java Heap base and to place the Java Heap above 4GB virtual address.
# This output file may be truncated or incomplete.
#
#  Out of Memory Error (virtualSpaceNode.cpp:110), pid=7044, tid=3680
#
# JRE version: OpenJDK Runtime Environment Temurin-17.0.2+8 (17.0.2+8) (build 17.0.2+8)
# Java VM: OpenJDK 64-Bit Server VM Temurin-17.0.2+8 (17.0.2+8, mixed mode, emulated-client, tiered, compressed oops, compressed class ptrs, g1 gc, windows-amd64)
# No core dump will be written. Minidumps are not enabled by default on client versions of Windows
#

---------------  S U M M A R Y ------------

Command Line: -Dcom.sun.management.jmxremote -Dcom.sun.management.jmxremote.port=1191 -Dcom.sun.management.jmxremote.authenticate=false -Dcom.sun.management.jmxremote.ssl=false -Djava.rmi.server.hostname=localhost -Dspring.jmx.enabled=true -Dspring.application.admin.enabled=true -XX:TieredStopAtLevel=1 -Dspring.boot.project.name=BootMiniProject -Dfile.encoding=UTF-8 -XX:+ShowCodeDetailsInExceptionMessages project.home.study.BootMiniProjectApplication --spring.output.ansi.enabled=always

Host: Intel(R) Core(TM) i5-4260U CPU @ 1.40GHz, 4 cores, 3G,  Windows 7 , 64 bit Build 7601 (6.1.7601.18409)
Time: Tue May 10 10:04:17 2022 대한민국 표준시 elapsed time: 8.953816 seconds (0d 0h 0m 8s)

---------------  T H R E A D  ---------------

Current thread (0x0000000050c48a90):  JavaThread "http-nio-9001-exec-1" daemon [_thread_in_vm, id=3680, stack(0x0000000056000000,0x0000000056100000)]

Stack: [0x0000000056000000,0x0000000056100000]
Native frames: (J=compiled Java code, j=interpreted, Vv=VM code, C=native code)
V  [jvm.dll+0x67564a]
V  [jvm.dll+0x82fc04]
V  [jvm.dll+0x8313ae]
V  [jvm.dll+0x831a13]
V  [jvm.dll+0x245235]
V  [jvm.dll+0x82bbab]
V  [jvm.dll+0x61a336]
V  [jvm.dll+0x1c016e]
V  [jvm.dll+0x61cc81]
V  [jvm.dll+0x61acd6]
V  [jvm.dll+0x624a37]
V  [jvm.dll+0x1e9eab]
V  [jvm.dll+0x1ea3e5]
V  [jvm.dll+0x1eae1f]
V  [jvm.dll+0x1e02c1]
V  [jvm.dll+0x53b6e0]
V  [jvm.dll+0x7aaf0d]
V  [jvm.dll+0x7aae6a]
V  [jvm.dll+0x40c994]
V  [jvm.dll+0x42029b]
C  [java.dll+0x1657]

Java frames: (J=compiled Java code, j=interpreted, Vv=VM code)
J 1934  java.lang.ClassLoader.defineClass0(Ljava/lang/ClassLoader;Ljava/lang/Class;Ljava/lang/String;[BIILjava/security/ProtectionDomain;ZILjava/lang/Object;)Ljava/lang/Class; java.base@17.0.2 (0 bytes) @ 0x0000000006143709 [0x0000000006143620+0x00000000000000e9]
J 1933 c1 java.lang.System$2.defineClass(Ljava/lang/ClassLoader;Ljava/lang/Class;Ljava/lang/String;[BLjava/security/ProtectionDomain;ZILjava/lang/Object;)Ljava/lang/Class; java.base@17.0.2 (21 bytes) @ 0x000000000614420c [0x00000000061441a0+0x000000000000006c]
J 1556 c1 java.lang.invoke.MethodHandles$Lookup$ClassDefiner.defineClass(ZLjava/lang/Object;)Ljava/lang/Class; java.base@17.0.2 (97 bytes) @ 0x00000000060bdd7c [0x00000000060bda80+0x00000000000002fc]
J 2224 c1 java.lang.invoke.MethodHandles$Lookup.defineHiddenClass([BZ[Ljava/lang/invoke/MethodHandles$Lookup$ClassOption;)Ljava/lang/invoke/MethodHandles$Lookup; java.base@17.0.2 (69 bytes) @ 0x00000000061bde64 [0x00000000061bdb20+0x0000000000000344]
J 2216 c1 java.lang.invoke.InnerClassLambdaMetafactory.generateInnerClass()Ljava/lang/Class; java.base@17.0.2 (618 bytes) @ 0x00000000061b8734 [0x00000000061b7980+0x0000000000000db4]
J 2212 c1 java.lang.invoke.InnerClassLambdaMetafactory.spinInnerClass()Ljava/lang/Class; java.base@17.0.2 (111 bytes) @ 0x00000000061b6eec [0x00000000061b6e40+0x00000000000000ac]
J 2211 c1 java.lang.invoke.InnerClassLambdaMetafactory.buildCallSite()Ljava/lang/invoke/CallSite; java.base@17.0.2 (201 bytes) @ 0x00000000061b4884 [0x00000000061b4840+0x0000000000000044]
J 2226 c1 java.lang.invoke.LambdaMetafactory.metafactory(Ljava/lang/invoke/MethodHandles$Lookup;Ljava/lang/String;Ljava/lang/invoke/MethodType;Ljava/lang/invoke/MethodType;Ljava/lang/invoke/MethodHandle;Ljava/lang/invoke/MethodType;)Ljava/lang/invoke/CallSite; java.base@17.0.2 (71 bytes) @ 0x00000000061bd164 [0x00000000061bd020+0x0000000000000144]
J 2461 c1 java.lang.invoke.LambdaForm$DMH+0x000000000e5a8000.invokeStatic(Ljava/lang/Object;Ljava/lang/Object;Ljava/lang/Object;Ljava/lang/Object;Ljava/lang/Object;Ljava/lang/Object;Ljava/lang/Object;)Ljava/lang/Object; java.base@17.0.2 (31 bytes) @ 0x000000000621cb04 [0x000000000621cac0+0x0000000000000044]
J 1645 c1 java.lang.invoke.BootstrapMethodInvoker.invoke(Ljava/lang/Class;Ljava/lang/invoke/MethodHandle;Ljava/lang/String;Ljava/lang/Object;Ljava/lang/Object;Ljava/lang/Class;)Ljava/lang/Object; java.base@17.0.2 (974 bytes) @ 0x00000000060d8fec [0x00000000060d7ce0+0x000000000000130c]
J 1644 c1 java.lang.invoke.CallSite.makeSite(Ljava/lang/invoke/MethodHandle;Ljava/lang/String;Ljava/lang/invoke/MethodType;Ljava/lang/Object;Ljava/lang/Class;)Ljava/lang/invoke/CallSite; java.base@17.0.2 (91 bytes) @ 0x00000000060d3ce4 [0x00000000060d3ca0+0x0000000000000044]
J 1643 c1 java.lang.invoke.MethodHandleNatives.linkCallSiteImpl(Ljava/lang/Class;Ljava/lang/invoke/MethodHandle;Ljava/lang/String;Ljava/lang/invoke/MethodType;Ljava/lang/Object;[Ljava/lang/Object;)Ljava/lang/invoke/MemberName; java.base@17.0.2 (44 bytes) @ 0x00000000060d3334 [0x00000000060d3300+0x0000000000000034]
J 1642 c1 java.lang.invoke.MethodHandleNatives.linkCallSite(Ljava/lang/Object;ILjava/lang/Object;Ljava/lang/Object;Ljava/lang/Object;Ljava/lang/Object;[Ljava/lang/Object;)Ljava/lang/invoke/MemberName; java.base@17.0.2 (66 bytes) @ 0x00000000060d2eac [0x00000000060d2dc0+0x00000000000000ec]
v  ~StubRoutines::call_stub
j  javax.security.auth.message.config.AuthConfigFactory.getFactoryClassName()Ljava/lang/String;+0
j  javax.security.auth.message.config.AuthConfigFactory.getFactory()Ljavax/security/auth/message/config/AuthConfigFactory;+27
j  org.apache.catalina.authenticator.AuthenticatorBase.findJaspicProvider()Ljava/util/Optional;+0
j  org.apache.catalina.authenticator.AuthenticatorBase.getJaspicProvider()Ljavax/security/auth/message/config/AuthConfigProvider;+10
j  org.apache.catalina.authenticator.AuthenticatorBase.invoke(Lorg/apache/catalina/connector/Request;Lorg/apache/catalina/connector/Response;)V+198
j  org.apache.catalina.core.StandardHostValve.invoke(Lorg/apache/catalina/connector/Request;Lorg/apache/catalina/connector/Response;)V+128
j  org.apache.catalina.valves.ErrorReportValve.invoke(Lorg/apache/catalina/connector/Request;Lorg/apache/catalina/connector/Response;)V+6
j  org.apache.catalina.core.StandardEngineValve.invoke(Lorg/apache/catalina/connector/Request;Lorg/apache/catalina/connector/Response;)V+59
j  org.apache.catalina.connector.CoyoteAdapter.service(Lorg/apache/coyote/Request;Lorg/apache/coyote/Response;)V+203
j  org.apache.coyote.http11.Http11Processor.service(Lorg/apache/tomcat/util/net/SocketWrapperBase;)Lorg/apache/tomcat/util/net/AbstractEndpoint$Handler$SocketState;+796
j  org.apache.coyote.AbstractProcessorLight.process(Lorg/apache/tomcat/util/net/SocketWrapperBase;Lorg/apache/tomcat/util/net/SocketEvent;)Lorg/apache/tomcat/util/net/AbstractEndpoint$Handler$SocketState;+170
j  org.apache.coyote.AbstractProtocol$ConnectionHandler.process(Lorg/apache/tomcat/util/net/SocketWrapperBase;Lorg/apache/tomcat/util/net/SocketEvent;)Lorg/apache/tomcat/util/net/AbstractEndpoint$Handler$SocketState;+489
j  org.apache.tomcat.util.net.NioEndpoint$SocketProcessor.doRun()V+216
j  org.apache.tomcat.util.net.SocketProcessorBase.run()V+21
j  org.apache.tomcat.util.threads.ThreadPoolExecutor.runWorker(Lorg/apache/tomcat/util/threads/ThreadPoolExecutor$Worker;)V+92
j  org.apache.tomcat.util.threads.ThreadPoolExecutor$Worker.run()V+5
j  org.apache.tomcat.util.threads.TaskThread$WrappingRunnable.run()V+4
j  java.lang.Thread.run()V+11 java.base@17.0.2
v  ~StubRoutines::call_stub

---------------  P R O C E S S  ---------------

Threads class SMR info:
_java_thread_list=0x0000000054168310, length=40, elements={
0x000000000e2542f0, 0x000000000e2550f0, 0x000000000e25bb10, 0x000000000e25c3d0,
0x000000000e25dc90, 0x000000000e2aa620, 0x000000000e2aaee0, 0x000000000e2b3fb0,
0x000000000e200d50, 0x000000004fa920e0, 0x000000005079c500, 0x0000000050796e10,
0x000000005087cd80, 0x0000000050b9a7e0, 0x0000000050ba1d50, 0x0000000050bb7640,
0x0000000050bb81d0, 0x0000000050c46db0, 0x0000000050c47280, 0x0000000050c47750,
0x0000000050c47c20, 0x0000000050c480f0, 0x0000000050c485c0, 0x0000000050c48a90,
0x0000000050c48f60, 0x0000000050c49430, 0x0000000050c49900, 0x00000000543813d0,
0x00000000543818a0, 0x0000000054381d70, 0x0000000054382240, 0x0000000054382710,
0x0000000054382be0, 0x00000000543830b0, 0x0000000054383580, 0x0000000050c45f40,
0x0000000050c46410, 0x0000000054383f20, 0x00000000543848c0, 0x0000000054384d90
}

Java Threads: ( => current thread )
  0x000000000e2542f0 JavaThread "Reference Handler" daemon [_thread_blocked, id=6116, stack(0x000000004eee0000,0x000000004efe0000)]
  0x000000000e2550f0 JavaThread "Finalizer" daemon [_thread_blocked, id=2060, stack(0x000000004f040000,0x000000004f140000)]
  0x000000000e25bb10 JavaThread "Signal Dispatcher" daemon [_thread_blocked, id=3412, stack(0x000000004f2a0000,0x000000004f3a0000)]
  0x000000000e25c3d0 JavaThread "Attach Listener" daemon [_thread_blocked, id=3852, stack(0x000000004f490000,0x000000004f590000)]
  0x000000000e25dc90 JavaThread "Service Thread" daemon [_thread_blocked, id=5068, stack(0x000000004f5e0000,0x000000004f6e0000)]
  0x000000000e2aa620 JavaThread "Monitor Deflation Thread" daemon [_thread_blocked, id=812, stack(0x000000004f190000,0x000000004f290000)]
  0x000000000e2aaee0 JavaThread "C1 CompilerThread0" daemon [_thread_blocked, id=6096, stack(0x000000004f780000,0x000000004f880000)]
  0x000000000e2b3fb0 JavaThread "Sweeper thread" daemon [_thread_blocked, id=780, stack(0x000000004f8a0000,0x000000004f9a0000)]
  0x000000000e200d50 JavaThread "Common-Cleaner" daemon [_thread_blocked, id=3188, stack(0x000000004fe60000,0x000000004ff60000)]
  0x000000004fa920e0 JavaThread "Notification Thread" daemon [_thread_blocked, id=6024, stack(0x00000000504b0000,0x00000000505b0000)]
  0x000000005079c500 JavaThread "RMI TCP Accept-0" daemon [_thread_in_native, id=6732, stack(0x0000000051ac0000,0x0000000051bc0000)]
  0x0000000050796e10 JavaThread "RMI TCP Accept-1191" daemon [_thread_in_native, id=2668, stack(0x0000000051d20000,0x0000000051e20000)]
  0x000000005087cd80 JavaThread "RMI TCP Accept-0" daemon [_thread_in_native, id=532, stack(0x0000000051ee0000,0x0000000051fe0000)]
  0x0000000050b9a7e0 JavaThread "RMI TCP Connection(1)-127.0.0.1" daemon [_thread_in_native, id=4468, stack(0x00000000527a0000,0x00000000528a0000)]
  0x0000000050ba1d50 JavaThread "RMI Scheduler(0)" daemon [_thread_blocked, id=1488, stack(0x0000000051bf0000,0x0000000051cf0000)]
  0x0000000050bb7640 JavaThread "RMI TCP Connection(2)-127.0.0.1" daemon [_thread_in_native, id=2968, stack(0x0000000052950000,0x0000000052a50000)]
  0x0000000050bb81d0 JavaThread "JMX server connection timeout 21" daemon [_thread_blocked, id=6488, stack(0x0000000052b40000,0x0000000052c40000)]
  0x0000000050c46db0 JavaThread "Catalina-utility-1" [_thread_blocked, id=4636, stack(0x0000000051800000,0x0000000051900000)]
  0x0000000050c47280 JavaThread "Catalina-utility-2" [_thread_blocked, id=6996, stack(0x00000000550a0000,0x00000000551a0000)]
  0x0000000050c47750 JavaThread "container-0" [_thread_blocked, id=6896, stack(0x00000000551d0000,0x00000000552d0000)]
  0x0000000050c47c20 JavaThread "Abandoned connection cleanup thread" daemon [_thread_blocked, id=6828, stack(0x00000000553a0000,0x00000000554a0000)]
  0x0000000050c480f0 JavaThread "File Watcher" daemon [_thread_blocked, id=6972, stack(0x0000000052290000,0x0000000052390000)]
  0x0000000050c485c0 JavaThread "Live Reload Server" daemon [_thread_in_native, id=1108, stack(0x0000000055570000,0x0000000055670000)]
=>0x0000000050c48a90 JavaThread "http-nio-9001-exec-1" daemon [_thread_in_vm, id=3680, stack(0x0000000056000000,0x0000000056100000)]
  0x0000000050c48f60 JavaThread "http-nio-9001-exec-2" daemon [_thread_blocked, id=6752, stack(0x0000000052ed0000,0x0000000052fd0000)]
  0x0000000050c49430 JavaThread "http-nio-9001-exec-3" daemon [_thread_blocked, id=5048, stack(0x00000000556e0000,0x00000000557e0000)]
  0x0000000050c49900 JavaThread "http-nio-9001-exec-4" daemon [_thread_blocked, id=6848, stack(0x00000000561c0000,0x00000000562c0000)]
  0x00000000543813d0 JavaThread "http-nio-9001-exec-5" daemon [_thread_blocked, id=6452, stack(0x0000000056430000,0x0000000056530000)]
  0x00000000543818a0 JavaThread "http-nio-9001-exec-6" daemon [_thread_blocked, id=5112, stack(0x0000000056640000,0x0000000056740000)]
  0x0000000054381d70 JavaThread "http-nio-9001-exec-7" daemon [_thread_blocked, id=5784, stack(0x0000000056530000,0x0000000056630000)]
  0x0000000054382240 JavaThread "http-nio-9001-exec-8" daemon [_thread_blocked, id=3740, stack(0x0000000056800000,0x0000000056900000)]
  0x0000000054382710 JavaThread "http-nio-9001-exec-9" daemon [_thread_blocked, id=4660, stack(0x00000000562f0000,0x00000000563f0000)]
  0x0000000054382be0 JavaThread "http-nio-9001-exec-10" daemon [_thread_blocked, id=3776, stack(0x0000000056a30000,0x0000000056b30000)]
  0x00000000543830b0 JavaThread "http-nio-9001-Poller" daemon [_thread_in_native, id=6476, stack(0x0000000056b50000,0x0000000056c50000)]
  0x0000000054383580 JavaThread "http-nio-9001-Acceptor" daemon [_thread_in_native, id=6724, stack(0x0000000056dc0000,0x0000000056ec0000)]
  0x0000000050c45f40 JavaThread "DestroyJavaVM" [_thread_blocked, id=6812, stack(0x00000000020e0000,0x00000000021e0000)]
  0x0000000050c46410 JavaThread "RMI TCP Connection(3)-127.0.0.1" daemon [_thread_in_native, id=2548, stack(0x0000000052c70000,0x0000000052d70000)]
  0x0000000054383f20 JavaThread "RMI TCP Connection(4)-127.0.0.1" daemon [_thread_in_native, id=2436, stack(0x0000000056920000,0x0000000056a20000)]
  0x00000000543848c0 JavaThread "RMI TCP Connection(5)-127.0.0.1" daemon [_thread_in_native, id=1428, stack(0x0000000052db0000,0x0000000052eb0000)]
  0x0000000054384d90 JavaThread "RMI TCP Connection(6)-127.0.0.1" daemon [_thread_in_native, id=6312, stack(0x0000000057020000,0x0000000057120000)]

Other Threads:
  0x000000000ddef540 VMThread "VM Thread" [stack: 0x000000004ecf0000,0x000000004edf0000] [id=2432]
  0x00000000002e0f10 WatcherThread [stack: 0x00000000519a0000,0x0000000051aa0000] [id=3488]
  0x0000000000313400 GCTaskThread "GC Thread#0" [stack: 0x000000000b520000,0x000000000b620000] [id=7116]
  0x0000000050963250 GCTaskThread "GC Thread#1" [stack: 0x0000000052000000,0x0000000052100000] [id=4712]
  0x0000000050b507c0 GCTaskThread "GC Thread#2" [stack: 0x0000000052170000,0x0000000052270000] [id=6356]
  0x0000000050b50a70 GCTaskThread "GC Thread#3" [stack: 0x00000000523a0000,0x00000000524a0000] [id=5772]
  0x000000000031c090 ConcurrentGCThread "G1 Main Marker" [stack: 0x000000000b650000,0x000000000b750000] [id=6992]
  0x000000000031f570 ConcurrentGCThread "G1 Conc#0" [stack: 0x000000000b8c0000,0x000000000b9c0000] [id=3424]
  0x000000000dd00080 ConcurrentGCThread "G1 Refine#0" [stack: 0x000000000ded0000,0x000000000dfd0000] [id=5768]
  0x0000000050963500 ConcurrentGCThread "G1 Refine#1" [stack: 0x00000000524b0000,0x00000000525b0000] [id=3272]
  0x000000004fb5f0d0 ConcurrentGCThread "G1 Refine#2" [stack: 0x0000000052650000,0x0000000052750000] [id=1648]
  0x000000000dd048b0 ConcurrentGCThread "G1 Service" [stack: 0x000000000e080000,0x000000000e180000] [id=6804]

Threads with active compile tasks:

VM state: not at safepoint (normal execution)

VM Mutex/Monitor currently owned by a thread:  ([mutex/lock_event])
[0x00000000002d8e60] Metaspace_lock - owner thread: 0x0000000050c48a90

Heap address: 0x00000000c0e00000, size: 1010 MB, Compressed Oops mode: 32-bit

CDS archive(s) not mapped
Compressed class space mapped at: 0x000000000e400000-0x000000004e400000, reserved size: 1073741824
Narrow klass base: 0x0000000000000000, Narrow klass shift: 0, Narrow klass range: 0x4e400000

GC Precious Log:
 CPUs: 4 total, 4 available
 Memory: 4036M
 Large Page Support: Disabled
 NUMA Support: Disabled
 Compressed Oops: Enabled (32-bit)
 Heap Region Size: 1M
 Heap Min Capacity: 8M
 Heap Initial Capacity: 64M
 Heap Max Capacity: 1010M
 Pre-touch: Disabled
 Parallel Workers: 4
 Concurrent Workers: 1
 Concurrent Refinement Workers: 4
 Periodic GC: Disabled

Heap:
 garbage-first heap   total 55296K, used 22501K [0x00000000c0e00000, 0x0000000100000000)
  region size 1024K, 6 young (6144K), 2 survivors (2048K)
 Metaspace       used 44237K, committed 44608K, reserved 1089536K
  class space    used 5596K, committed 5760K, reserved 1048576K

Heap Regions: E=young(eden), S=young(survivor), O=old, HS=humongous(starts), HC=humongous(continues), CS=collection set, F=free, OA=open archive, CA=closed archive, TAMS=top-at-mark-start (previous, next)
|   0|0x00000000c0e00000, 0x00000000c0f00000, 0x00000000c0f00000|100%| O|  |TAMS 0x00000000c0f00000, 0x00000000c0e00000| Untracked 
|   1|0x00000000c0f00000, 0x00000000c1000000, 0x00000000c1000000|100%| O|  |TAMS 0x00000000c1000000, 0x00000000c0f00000| Untracked 
|   2|0x00000000c1000000, 0x00000000c1100000, 0x00000000c1100000|100%| O|  |TAMS 0x00000000c1100000, 0x00000000c1000000| Untracked 
|   3|0x00000000c1100000, 0x00000000c1200000, 0x00000000c1200000|100%| O|  |TAMS 0x00000000c1200000, 0x00000000c1100000| Untracked 
|   4|0x00000000c1200000, 0x00000000c1300000, 0x00000000c1300000|100%| O|  |TAMS 0x00000000c1300000, 0x00000000c1200000| Untracked 
|   5|0x00000000c1300000, 0x00000000c1331400, 0x00000000c1400000| 19%| O|  |TAMS 0x00000000c1331400, 0x00000000c1300000| Untracked 
|   6|0x00000000c1400000, 0x00000000c1500000, 0x00000000c1500000|100%| O|  |TAMS 0x00000000c1500000, 0x00000000c1400000| Untracked 
|   7|0x00000000c1500000, 0x00000000c1600000, 0x00000000c1600000|100%| O|  |TAMS 0x00000000c1600000, 0x00000000c1500000| Untracked 
|   8|0x00000000c1600000, 0x00000000c1700000, 0x00000000c1700000|100%| O|  |TAMS 0x00000000c1700000, 0x00000000c1600000| Untracked 
|   9|0x00000000c1700000, 0x00000000c1800000, 0x00000000c1800000|100%| O|  |TAMS 0x00000000c1800000, 0x00000000c1700000| Untracked 
|  10|0x00000000c1800000, 0x00000000c1900000, 0x00000000c1900000|100%| O|  |TAMS 0x00000000c1900000, 0x00000000c1800000| Untracked 
|  11|0x00000000c1900000, 0x00000000c1a00000, 0x00000000c1a00000|100%| O|  |TAMS 0x00000000c1a00000, 0x00000000c1900000| Untracked 
|  12|0x00000000c1a00000, 0x00000000c1b00000, 0x00000000c1b00000|100%| O|  |TAMS 0x00000000c1a0a600, 0x00000000c1a00000| Untracked 
|  13|0x00000000c1b00000, 0x00000000c1c00000, 0x00000000c1c00000|100%| O|  |TAMS 0x00000000c1b00000, 0x00000000c1b00000| Untracked 
|  14|0x00000000c1c00000, 0x00000000c1d00000, 0x00000000c1d00000|100%| O|  |TAMS 0x00000000c1c00000, 0x00000000c1c00000| Untracked 
|  15|0x00000000c1d00000, 0x00000000c1e00000, 0x00000000c1e00000|100%| O|  |TAMS 0x00000000c1d00000, 0x00000000c1d00000| Untracked 
|  16|0x00000000c1e00000, 0x00000000c1f00000, 0x00000000c1f00000|100%| O|  |TAMS 0x00000000c1e00000, 0x00000000c1e00000| Untracked 
|  17|0x00000000c1f00000, 0x00000000c2000000, 0x00000000c2000000|100%| O|  |TAMS 0x00000000c1f00000, 0x00000000c1f00000| Untracked 
|  18|0x00000000c2000000, 0x00000000c2000000, 0x00000000c2100000|  0%| F|  |TAMS 0x00000000c2000000, 0x00000000c2000000| Untracked 
|  19|0x00000000c2100000, 0x00000000c2100000, 0x00000000c2200000|  0%| F|  |TAMS 0x00000000c2100000, 0x00000000c2100000| Untracked 
|  20|0x00000000c2200000, 0x00000000c2200000, 0x00000000c2300000|  0%| F|  |TAMS 0x00000000c2200000, 0x00000000c2200000| Untracked 
|  21|0x00000000c2300000, 0x00000000c2300000, 0x00000000c2400000|  0%| F|  |TAMS 0x00000000c2300000, 0x00000000c2300000| Untracked 
|  22|0x00000000c2400000, 0x00000000c2400000, 0x00000000c2500000|  0%| F|  |TAMS 0x00000000c2400000, 0x00000000c2400000| Untracked 
|  23|0x00000000c2500000, 0x00000000c2500000, 0x00000000c2600000|  0%| F|  |TAMS 0x00000000c2500000, 0x00000000c2500000| Untracked 
|  24|0x00000000c2600000, 0x00000000c2600000, 0x00000000c2700000|  0%| F|  |TAMS 0x00000000c2600000, 0x00000000c2600000| Untracked 
|  25|0x00000000c2700000, 0x00000000c27c8190, 0x00000000c2800000| 78%| S|CS|TAMS 0x00000000c2700000, 0x00000000c2700000| Complete 
|  26|0x00000000c2800000, 0x00000000c2800000, 0x00000000c2900000|  0%| F|  |TAMS 0x00000000c2800000, 0x00000000c2800000| Untracked 
|  27|0x00000000c2900000, 0x00000000c2900000, 0x00000000c2a00000|  0%| F|  |TAMS 0x00000000c2900000, 0x00000000c2900000| Untracked 
|  28|0x00000000c2a00000, 0x00000000c2b00000, 0x00000000c2b00000|100%| S|CS|TAMS 0x00000000c2a00000, 0x00000000c2a00000| Complete 
|  29|0x00000000c2b00000, 0x00000000c2b00000, 0x00000000c2c00000|  0%| F|  |TAMS 0x00000000c2b00000, 0x00000000c2b00000| Untracked 
|  30|0x00000000c2c00000, 0x00000000c2c00000, 0x00000000c2d00000|  0%| F|  |TAMS 0x00000000c2c00000, 0x00000000c2c00000| Untracked 
|  31|0x00000000c2d00000, 0x00000000c2d00000, 0x00000000c2e00000|  0%| F|  |TAMS 0x00000000c2d00000, 0x00000000c2d00000| Untracked 
|  32|0x00000000c2e00000, 0x00000000c2e00000, 0x00000000c2f00000|  0%| F|  |TAMS 0x00000000c2e00000, 0x00000000c2e00000| Untracked 
|  33|0x00000000c2f00000, 0x00000000c2f00000, 0x00000000c3000000|  0%| F|  |TAMS 0x00000000c2f00000, 0x00000000c2f00000| Untracked 
|  34|0x00000000c3000000, 0x00000000c3000000, 0x00000000c3100000|  0%| F|  |TAMS 0x00000000c3000000, 0x00000000c3000000| Untracked 
|  35|0x00000000c3100000, 0x00000000c3100000, 0x00000000c3200000|  0%| F|  |TAMS 0x00000000c3100000, 0x00000000c3100000| Untracked 
|  36|0x00000000c3200000, 0x00000000c3200000, 0x00000000c3300000|  0%| F|  |TAMS 0x00000000c3200000, 0x00000000c3200000| Untracked 
|  37|0x00000000c3300000, 0x00000000c3300000, 0x00000000c3400000|  0%| F|  |TAMS 0x00000000c3300000, 0x00000000c3300000| Untracked 
|  38|0x00000000c3400000, 0x00000000c3400000, 0x00000000c3500000|  0%| F|  |TAMS 0x00000000c3400000, 0x00000000c3400000| Untracked 
|  39|0x00000000c3500000, 0x00000000c3500000, 0x00000000c3600000|  0%| F|  |TAMS 0x00000000c3500000, 0x00000000c3500000| Untracked 
|  40|0x00000000c3600000, 0x00000000c3600000, 0x00000000c3700000|  0%| F|  |TAMS 0x00000000c3600000, 0x00000000c3600000| Untracked 
|  41|0x00000000c3700000, 0x00000000c3700000, 0x00000000c3800000|  0%| F|  |TAMS 0x00000000c3700000, 0x00000000c3700000| Untracked 
|  42|0x00000000c3800000, 0x00000000c3800000, 0x00000000c3900000|  0%| F|  |TAMS 0x00000000c3800000, 0x00000000c3800000| Untracked 
|  43|0x00000000c3900000, 0x00000000c3900000, 0x00000000c3a00000|  0%| F|  |TAMS 0x00000000c3900000, 0x00000000c3900000| Untracked 
|  44|0x00000000c3a00000, 0x00000000c3a00000, 0x00000000c3b00000|  0%| F|  |TAMS 0x00000000c3a00000, 0x00000000c3a00000| Untracked 
|  45|0x00000000c3b00000, 0x00000000c3b00000, 0x00000000c3c00000|  0%| F|  |TAMS 0x00000000c3b00000, 0x00000000c3b00000| Untracked 
|  46|0x00000000c3c00000, 0x00000000c3c00000, 0x00000000c3d00000|  0%| F|  |TAMS 0x00000000c3c00000, 0x00000000c3c00000| Untracked 
|  47|0x00000000c3d00000, 0x00000000c3d00000, 0x00000000c3e00000|  0%| F|  |TAMS 0x00000000c3d00000, 0x00000000c3d00000| Untracked 
|  48|0x00000000c3e00000, 0x00000000c3e00000, 0x00000000c3f00000|  0%| F|  |TAMS 0x00000000c3e00000, 0x00000000c3e00000| Untracked 
|  49|0x00000000c3f00000, 0x00000000c3f00000, 0x00000000c4000000|  0%| F|  |TAMS 0x00000000c3f00000, 0x00000000c3f00000| Untracked 
|  50|0x00000000c4000000, 0x00000000c4075128, 0x00000000c4100000| 45%| E|  |TAMS 0x00000000c4000000, 0x00000000c4000000| Complete 
|  51|0x00000000c4100000, 0x00000000c4200000, 0x00000000c4200000|100%| E|CS|TAMS 0x00000000c4100000, 0x00000000c4100000| Complete 
|  62|0x00000000c4c00000, 0x00000000c4d00000, 0x00000000c4d00000|100%| E|CS|TAMS 0x00000000c4c00000, 0x00000000c4c00000| Complete 
|  63|0x00000000c4d00000, 0x00000000c4e00000, 0x00000000c4e00000|100%| E|CS|TAMS 0x00000000c4d00000, 0x00000000c4d00000| Complete 

Card table byte_map: [0x0000000009180000,0x0000000009380000] _byte_map_base: 0x0000000008b79000

Marking Bits (Prev, Next): (CMBitMap*) 0x0000000000313920, (CMBitMap*) 0x0000000000313960
 Prev Bits: [0x0000000009580000, 0x000000000a548000)
 Next Bits: [0x000000000a550000, 0x000000000b518000)

Polling page: 0x0000000000120000

Metaspace:

Usage:
  Non-class:     37.74 MB used.
      Class:      5.47 MB used.
       Both:     43.20 MB used.

Virtual space:
  Non-class space:       40.00 MB reserved,      37.94 MB ( 95%) committed,  5 nodes.
      Class space:        1.00 GB reserved,       5.63 MB ( <1%) committed,  1 nodes.
             Both:        1.04 GB reserved,      43.56 MB (  4%) committed. 

Chunk freelists:
   Non-Class:  1.30 MB
       Class:  2.39 MB
        Both:  3.69 MB

MaxMetaspaceSize: unlimited
CompressedClassSpaceSize: 1.00 GB
Initial GC threshold: 21.00 MB
Current GC threshold: 59.63 MB
CDS: off
MetaspaceReclaimPolicy: balanced
 - commit_granule_bytes: 65536.
 - commit_granule_words: 8192.
 - virtual_space_node_default_size: 1048576.
 - enlarge_chunks_in_place: 1.
 - new_chunks_are_fully_committed: 0.
 - uncommit_free_chunks: 1.
 - use_allocation_guard: 0.
 - handle_deallocations: 1.


Internal statistics:

num_allocs_failed_limit: 6.
num_arena_births: 522.
num_arena_deaths: 0.
num_vsnodes_births: 6.
num_vsnodes_deaths: 0.
num_space_committed: 697.
num_space_uncommitted: 0.
num_chunks_returned_to_freelist: 6.
num_chunks_taken_from_freelist: 1748.
num_chunk_merges: 3.
num_chunk_splits: 1133.
num_chunks_enlarged: 791.
num_purges: 0.
num_inconsistent_stats: 0.

CodeCache: size=49152Kb used=8208Kb max_used=9316Kb free=40943Kb
 bounds [0x0000000005c50000, 0x0000000006570000, 0x0000000008c50000]
 total_blobs=4911 nmethods=4374 adapters=464
 compilation: enabled
              stopped_count=0, restarted_count=0
 full_count=0

Compilation events (20 events):
Event: 7.353 Thread 0x000000000e201220 4363       1       java.io.File::<init> (78 bytes)
Event: 7.354 Thread 0x000000000e201220 nmethod 4363 0x0000000006568c90 code [0x0000000006568e40, 0x0000000006568fc8]
Event: 7.804 Thread 0x000000000e201220 4364       1       org.springframework.boot.devtools.filewatch.FileSnapshot::equals (110 bytes)
Event: 7.806 Thread 0x000000000e201220 nmethod 4364 0x0000000005e91510 code [0x0000000005e916e0, 0x0000000005e91a28]
Event: 8.439 Thread 0x000000000e2aaee0 4365       1       java.io.File::length (33 bytes)
Event: 8.440 Thread 0x000000000e2aaee0 nmethod 4365 0x0000000005e90d10 code [0x0000000005e90ec0, 0x0000000005e91068]
Event: 8.444 Thread 0x000000000e2aaee0 4367       1       java.io.File::lastModified (33 bytes)
Event: 8.444 Thread 0x000000000e2aaee0 nmethod 4367 0x0000000005e90510 code [0x0000000005e906c0, 0x0000000005e90868]
Event: 8.445 Thread 0x000000000e2aaee0 4369       1       org.springframework.boot.devtools.filewatch.FileSnapshot::<init> (64 bytes)
Event: 8.446 Thread 0x000000000e2aaee0 nmethod 4369 0x0000000005e8f910 code [0x0000000005e8fba0, 0x0000000005e90208]
Event: 8.920 Thread 0x000000000e2aaee0 4370       1       java.nio.HeapByteBuffer::put (17 bytes)
Event: 8.920 Thread 0x000000000e2aaee0 nmethod 4370 0x0000000005e8e610 code [0x0000000005e8e7a0, 0x0000000005e8e8b8]
Event: 8.920 Thread 0x000000000e2aaee0 4371   !   1       org.apache.tomcat.util.http.parser.HttpParser::isControl (9 bytes)
Event: 8.921 Thread 0x000000000e2aaee0 nmethod 4371 0x0000000005e8e290 code [0x0000000005e8e420, 0x0000000005e8e538]
Event: 8.932 Thread 0x000000000e2aaee0 4372       1       java.util.Calendar::internalGet (7 bytes)
Event: 8.932 Thread 0x000000000e2aaee0 nmethod 4372 0x0000000005e8df10 code [0x0000000005e8e0a0, 0x0000000005e8e198]
Event: 8.943 Thread 0x000000000e2aaee0 4373   !   1       java.util.logging.LogManager::getUserContext (118 bytes)
Event: 8.943 Thread 0x000000000e2aaee0 nmethod 4373 0x0000000005e8d310 code [0x0000000005e8d520, 0x0000000005e8dbd8]
Event: 8.943 Thread 0x000000000e2aaee0 4374       1       jdk.internal.access.SharedSecrets::getJavaAWTAccess (4 bytes)
Event: 8.944 Thread 0x000000000e2aaee0 nmethod 4374 0x0000000005e8d010 code [0x0000000005e8d1a0, 0x0000000005e8d258]

GC Heap History (20 events):
Event: 1.641 GC heap before
{Heap before GC invocations=2 (full 0):
 garbage-first heap   total 65536K, used 23721K [0x00000000c0e00000, 0x0000000100000000)
  region size 1024K, 20 young (20480K), 1 survivors (1024K)
 Metaspace       used 21281K, committed 21504K, reserved 1073152K
  class space    used 2500K, committed 2624K, reserved 1048576K
}
Event: 1.645 GC heap after
{Heap after GC invocations=3 (full 0):
 garbage-first heap   total 65536K, used 7594K [0x00000000c0e00000, 0x0000000100000000)
  region size 1024K, 3 young (3072K), 3 survivors (3072K)
 Metaspace       used 21281K, committed 21504K, reserved 1073152K
  class space    used 2500K, committed 2624K, reserved 1048576K
}
Event: 1.894 GC heap before
{Heap before GC invocations=4 (full 0):
 garbage-first heap   total 37888K, used 26026K [0x00000000c0e00000, 0x0000000100000000)
  region size 1024K, 23 young (23552K), 3 survivors (3072K)
 Metaspace       used 25915K, committed 26176K, reserved 1073152K
  class space    used 3088K, committed 3200K, reserved 1048576K
}
Event: 1.901 GC heap after
{Heap after GC invocations=5 (full 0):
 garbage-first heap   total 37888K, used 8388K [0x00000000c0e00000, 0x0000000100000000)
  region size 1024K, 3 young (3072K), 3 survivors (3072K)
 Metaspace       used 25915K, committed 26176K, reserved 1073152K
  class space    used 3088K, committed 3200K, reserved 1048576K
}
Event: 2.255 GC heap before
{Heap before GC invocations=5 (full 0):
 garbage-first heap   total 37888K, used 22724K [0x00000000c0e00000, 0x0000000100000000)
  region size 1024K, 18 young (18432K), 3 survivors (3072K)
 Metaspace       used 27447K, committed 27648K, reserved 1073152K
  class space    used 3305K, committed 3392K, reserved 1048576K
}
Event: 2.262 GC heap after
{Heap after GC invocations=6 (full 0):
 garbage-first heap   total 37888K, used 9850K [0x00000000c0e00000, 0x0000000100000000)
  region size 1024K, 3 young (3072K), 3 survivors (3072K)
 Metaspace       used 27447K, committed 27648K, reserved 1073152K
  class space    used 3305K, committed 3392K, reserved 1048576K
}
Event: 2.562 GC heap before
{Heap before GC invocations=6 (full 0):
 garbage-first heap   total 37888K, used 24186K [0x00000000c0e00000, 0x0000000100000000)
  region size 1024K, 17 young (17408K), 3 survivors (3072K)
 Metaspace       used 28727K, committed 28992K, reserved 1081344K
  class space    used 3504K, committed 3648K, reserved 1048576K
}
Event: 2.567 GC heap after
{Heap after GC invocations=7 (full 0):
 garbage-first heap   total 37888K, used 10142K [0x00000000c0e00000, 0x0000000100000000)
  region size 1024K, 2 young (2048K), 2 survivors (2048K)
 Metaspace       used 28727K, committed 28992K, reserved 1081344K
  class space    used 3504K, committed 3648K, reserved 1048576K
}
Event: 2.952 GC heap before
{Heap before GC invocations=7 (full 0):
 garbage-first heap   total 37888K, used 25502K [0x00000000c0e00000, 0x0000000100000000)
  region size 1024K, 18 young (18432K), 2 survivors (2048K)
 Metaspace       used 31300K, committed 31616K, reserved 1081344K
  class space    used 3878K, committed 4032K, reserved 1048576K
}
Event: 2.958 GC heap after
{Heap after GC invocations=8 (full 0):
 garbage-first heap   total 46080K, used 11672K [0x00000000c0e00000, 0x0000000100000000)
  region size 1024K, 3 young (3072K), 3 survivors (3072K)
 Metaspace       used 31300K, committed 31616K, reserved 1081344K
  class space    used 3878K, committed 4032K, reserved 1048576K
}
Event: 3.388 GC heap before
{Heap before GC invocations=8 (full 0):
 garbage-first heap   total 46080K, used 31128K [0x00000000c0e00000, 0x0000000100000000)
  region size 1024K, 23 young (23552K), 3 survivors (3072K)
 Metaspace       used 34563K, committed 34944K, reserved 1081344K
  class space    used 4298K, committed 4480K, reserved 1048576K
}
Event: 3.397 GC heap after
{Heap after GC invocations=9 (full 0):
 garbage-first heap   total 46080K, used 14000K [0x00000000c0e00000, 0x0000000100000000)
  region size 1024K, 3 young (3072K), 3 survivors (3072K)
 Metaspace       used 34563K, committed 34944K, reserved 1081344K
  class space    used 4298K, committed 4480K, reserved 1048576K
}
Event: 3.743 GC heap before
{Heap before GC invocations=9 (full 0):
 garbage-first heap   total 46080K, used 24240K [0x00000000c0e00000, 0x0000000100000000)
  region size 1024K, 14 young (14336K), 3 survivors (3072K)
 Metaspace       used 36057K, committed 36416K, reserved 1081344K
  class space    used 4473K, committed 4672K, reserved 1048576K
}
Event: 3.748 GC heap after
{Heap after GC invocations=10 (full 0):
 garbage-first heap   total 46080K, used 14846K [0x00000000c0e00000, 0x0000000100000000)
  region size 1024K, 1 young (1024K), 1 survivors (1024K)
 Metaspace       used 36057K, committed 36416K, reserved 1081344K
  class space    used 4473K, committed 4672K, reserved 1048576K
}
Event: 4.087 GC heap before
{Heap before GC invocations=11 (full 0):
 garbage-first heap   total 46080K, used 32254K [0x00000000c0e00000, 0x0000000100000000)
  region size 1024K, 19 young (19456K), 1 survivors (1024K)
 Metaspace       used 39512K, committed 39872K, reserved 1089536K
  class space    used 4955K, committed 5120K, reserved 1048576K
}
Event: 4.092 GC heap after
{Heap after GC invocations=12 (full 0):
 garbage-first heap   total 46080K, used 15813K [0x00000000c0e00000, 0x0000000100000000)
  region size 1024K, 2 young (2048K), 2 survivors (2048K)
 Metaspace       used 39512K, committed 39872K, reserved 1089536K
  class space    used 4955K, committed 5120K, reserved 1048576K
}
Event: 4.369 GC heap before
{Heap before GC invocations=12 (full 0):
 garbage-first heap   total 46080K, used 32197K [0x00000000c0e00000, 0x0000000100000000)
  region size 1024K, 19 young (19456K), 2 survivors (2048K)
 Metaspace       used 41233K, committed 41664K, reserved 1089536K
  class space    used 5210K, committed 5440K, reserved 1048576K
}
Event: 4.376 GC heap after
{Heap after GC invocations=13 (full 0):
 garbage-first heap   total 46080K, used 17659K [0x00000000c0e00000, 0x0000000100000000)
  region size 1024K, 3 young (3072K), 3 survivors (3072K)
 Metaspace       used 41233K, committed 41664K, reserved 1089536K
  class space    used 5210K, committed 5440K, reserved 1048576K
}
Event: 5.265 GC heap before
{Heap before GC invocations=13 (full 0):
 garbage-first heap   total 46080K, used 34043K [0x00000000c0e00000, 0x0000000100000000)
  region size 1024K, 19 young (19456K), 3 survivors (3072K)
 Metaspace       used 43405K, committed 43840K, reserved 1089536K
  class space    used 5505K, committed 5696K, reserved 1048576K
}
Event: 5.273 GC heap after
{Heap after GC invocations=14 (full 0):
 garbage-first heap   total 55296K, used 19429K [0x00000000c0e00000, 0x0000000100000000)
  region size 1024K, 2 young (2048K), 2 survivors (2048K)
 Metaspace       used 43405K, committed 43840K, reserved 1089536K
  class space    used 5505K, committed 5696K, reserved 1048576K
}

Deoptimization events (12 events):
Event: 0.968 Thread 0x00000000002e0050 DEOPT PACKING pc=0x0000000005f0b3f5 sp=0x00000000021ddd20
Event: 0.968 Thread 0x00000000002e0050 DEOPT UNPACKING pc=0x0000000005ca2b43 sp=0x00000000021dd178 mode 3
Event: 1.734 Thread 0x0000000050c46410 DEOPT PACKING pc=0x000000000616a399 sp=0x0000000052e6c5c0
Event: 1.734 Thread 0x0000000050c46410 DEOPT UNPACKING pc=0x0000000005ca2b43 sp=0x0000000052e6baa0 mode 3
Event: 2.783 Thread 0x0000000050c46410 DEOPT PACKING pc=0x00000000062fdaf5 sp=0x0000000052e6d8e0
Event: 2.783 Thread 0x0000000050c46410 DEOPT UNPACKING pc=0x0000000005ca2b43 sp=0x0000000052e6cd38 mode 3
Event: 3.738 Thread 0x0000000050c46410 DEOPT PACKING pc=0x00000000063c43dd sp=0x0000000052e6bbb0
Event: 3.738 Thread 0x0000000050c46410 DEOPT UNPACKING pc=0x0000000005ca2b43 sp=0x0000000052e6b118 mode 3
Event: 4.110 Thread 0x0000000050c46410 DEOPT PACKING pc=0x0000000006493499 sp=0x0000000052e6c470
Event: 4.110 Thread 0x0000000050c46410 DEOPT UNPACKING pc=0x0000000005ca2b43 sp=0x0000000052e6b950 mode 3
Event: 4.279 Thread 0x0000000050c46410 DEOPT PACKING pc=0x000000000616f61a sp=0x0000000052e69c20
Event: 4.279 Thread 0x0000000050c46410 DEOPT UNPACKING pc=0x0000000005ca2b43 sp=0x0000000052e69128 mode 3

Classes unloaded (0 events):
No events

Classes redefined (0 events):
No events

Internal exceptions (20 events):
Event: 4.195 Thread 0x0000000050c46410 Exception <a 'java/lang/NoSuchMethodError'{0x00000000c32570a8}: 'int java.lang.invoke.DirectMethodHandle$Holder.invokeStaticInit(java.lang.Object, java.lang.Object, java.lang.Object, java.lang.Object)'> (0x00000000c32570a8) 
thrown [e:\jenkins\tmp\workspace\build\src\src\hotspot\share\interpreter\linkResolver.cpp, line 766]
Event: 4.232 Thread 0x0000000050c46410 Exception <a 'java/lang/ClassNotFoundException'{0x00000000c3015a10}: java/lang/ObjectCustomizer> (0x00000000c3015a10) 
thrown [e:\jenkins\tmp\workspace\build\src\src\hotspot\share\classfile\systemDictionary.cpp, line 256]
Event: 4.233 Thread 0x0000000050c46410 Exception <a 'java/lang/ClassNotFoundException'{0x00000000c301e4a8}: org/springframework/web/servlet/config/annotation/WebMvcConfigurationSupportCustomizer> (0x00000000c301e4a8) 
thrown [e:\jenkins\tmp\workspace\build\src\src\hotspot\share\classfile\systemDictionary.cpp, line 256]
Event: 4.233 Thread 0x0000000050c46410 Exception <a 'java/lang/ClassNotFoundException'{0x00000000c3033310}: org/springframework/web/servlet/config/annotation/DelegatingWebMvcConfigurationCustomizer> (0x00000000c3033310) 
thrown [e:\jenkins\tmp\workspace\build\src\src\hotspot\share\classfile\systemDictionary.cpp, line 256]
Event: 4.234 Thread 0x0000000050c46410 Exception <a 'java/lang/ClassNotFoundException'{0x00000000c303d440}: org/springframework/boot/autoconfigure/web/servlet/WebMvcAutoConfiguration$EnableWebMvcConfigurationCustomizer> (0x00000000c303d440) 
thrown [e:\jenkins\tmp\workspace\build\src\src\hotspot\share\classfile\systemDictionary.cpp, line 256]
Event: 4.235 Thread 0x0000000050c46410 Exception <a 'java/lang/ClassNotFoundException'{0x00000000c3051ae0}: org/springframework/context/ResourceLoaderAwareCustomizer> (0x00000000c3051ae0) 
thrown [e:\jenkins\tmp\workspace\build\src\src\hotspot\share\classfile\systemDictionary.cpp, line 256]
Event: 4.235 Thread 0x0000000050c46410 Exception <a 'java/lang/ClassNotFoundException'{0x00000000c3057730}: org/springframework/beans/factory/AwareCustomizer> (0x00000000c3057730) 
thrown [e:\jenkins\tmp\workspace\build\src\src\hotspot\share\classfile\systemDictionary.cpp, line 256]
Event: 4.236 Thread 0x0000000050c46410 Exception <a 'java/lang/ClassNotFoundException'{0x00000000c305c708}: org/springframework/context/ApplicationContextAwareCustomizer> (0x00000000c305c708) 
thrown [e:\jenkins\tmp\workspace\build\src\src\hotspot\share\classfile\systemDictionary.cpp, line 256]
Event: 4.236 Thread 0x0000000050c46410 Exception <a 'java/lang/ClassNotFoundException'{0x00000000c30629c0}: org/springframework/beans/factory/AwareCustomizer> (0x00000000c30629c0) 
thrown [e:\jenkins\tmp\workspace\build\src\src\hotspot\share\classfile\systemDictionary.cpp, line 256]
Event: 4.236 Thread 0x0000000050c46410 Exception <a 'java/lang/ClassNotFoundException'{0x00000000c30679b0}: org/springframework/web/context/ServletContextAwareCustomizer> (0x00000000c30679b0) 
thrown [e:\jenkins\tmp\workspace\build\src\src\hotspot\share\classfile\systemDictionary.cpp, line 256]
Event: 4.237 Thread 0x0000000050c46410 Exception <a 'java/lang/ClassNotFoundException'{0x00000000c306d9d8}: org/springframework/beans/factory/AwareCustomizer> (0x00000000c306d9d8) 
thrown [e:\jenkins\tmp\workspace\build\src\src\hotspot\share\classfile\systemDictionary.cpp, line 256]
Event: 4.299 Thread 0x0000000050bb7640 Exception <a 'java/lang/reflect/InvocationTargetException'{0x00000000c2d01bc0}> (0x00000000c2d01bc0) 
thrown [e:\jenkins\tmp\workspace\build\src\src\hotspot\share\runtime\reflection.cpp, line 1121]
Event: 4.343 Thread 0x0000000050c46410 Exception <a 'java/lang/NoSuchMethodError'{0x00000000c2bd4b18}: 'void java.lang.invoke.DirectMethodHandle$Holder.invokeVirtual(java.lang.Object, java.lang.Object, int)'> (0x00000000c2bd4b18) 
thrown [e:\jenkins\tmp\workspace\build\src\src\hotspot\share\interpreter\linkResolver.cpp, line 766]
Event: 4.345 Thread 0x0000000050c46410 Exception <a 'java/lang/NoSuchMethodError'{0x00000000c2bf0028}: 'void java.lang.invoke.DirectMethodHandle$Holder.invokeVirtual(java.lang.Object, java.lang.Object, long)'> (0x00000000c2bf0028) 
thrown [e:\jenkins\tmp\workspace\build\src\src\hotspot\share\interpreter\linkResolver.cpp, line 766]
Event: 4.486 Thread 0x0000000050c46410 Exception <a 'java/lang/IncompatibleClassChangeError'{0x00000000c37b1c08}: Found class java.lang.Object, but interface was expected> (0x00000000c37b1c08) 
thrown [e:\jenkins\tmp\workspace\build\src\src\hotspot\share\interpreter\linkResolver.cpp, line 833]
Event: 4.661 Thread 0x0000000050c46410 Exception <a 'java/lang/NoSuchMethodError'{0x00000000c2e6f4f0}: 'java.lang.Object java.lang.invoke.DirectMethodHandle$Holder.newInvokeSpecial(java.lang.Object, java.lang.Object, int, java.lang.Object, java.lang.Object)'> (0x00000000c2e6f4f0) 
thrown [e:\jenkins\tmp\workspace\build\src\src\hotspot\share\interpreter\linkResolver.cpp, line 766]
Event: 4.662 Thread 0x0000000050c46410 Exception <a 'java/lang/NoSuchMethodError'{0x00000000c2e7ad40}: 'java.lang.Object java.lang.invoke.DirectMethodHandle$Holder.invokeSpecial(java.lang.Object, java.lang.Object, int, java.lang.Object, int, java.lang.Object)'> (0x00000000c2e7ad40) 
thrown [e:\jenkins\tmp\workspace\build\src\src\hotspot\share\interpreter\linkResolver.cpp, line 766]
Event: 4.662 Thread 0x0000000050c46410 Exception <a 'java/lang/NoSuchMethodError'{0x00000000c2e82de8}: 'java.lang.Object java.lang.invoke.DirectMethodHandle$Holder.newInvokeSpecial(java.lang.Object, java.lang.Object, int, java.lang.Object, int)'> (0x00000000c2e82de8) 
thrown [e:\jenkins\tmp\workspace\build\src\src\hotspot\share\interpreter\linkResolver.cpp, line 766]
Event: 4.662 Thread 0x0000000050c46410 Exception <a 'java/lang/NoSuchMethodError'{0x00000000c2e86ee8}: 'java.lang.Object java.lang.invoke.DirectMethodHandle$Holder.invokeSpecial(java.lang.Object, java.lang.Object, java.lang.Object, int, java.lang.Object, int)'> (0x00000000c2e86ee8) 
thrown [e:\jenkins\tmp\workspace\build\src\src\hotspot\share\interpreter\linkResolver.cpp, line 766]
Event: 4.663 Thread 0x0000000050c46410 Exception <a 'java/lang/NoSuchMethodError'{0x00000000c2e915b0}: 'void java.lang.invoke.DirectMethodHandle$Holder.invokeVirtual(java.lang.Object, java.lang.Object)'> (0x00000000c2e915b0) 
thrown [e:\jenkins\tmp\workspace\build\src\src\hotspot\share\interpreter\linkResolver.cpp, line 766]

VM Operations (20 events):
Event: 4.277 Executing VM operation: HandshakeAllThreads
Event: 4.277 Executing VM operation: HandshakeAllThreads done
Event: 4.369 Executing VM operation: G1CollectForAllocation
Event: 4.376 Executing VM operation: G1CollectForAllocation done
Event: 4.377 Executing VM operation: HandshakeAllThreads
Event: 4.377 Executing VM operation: HandshakeAllThreads done
Event: 4.379 Executing VM operation: HandshakeAllThreads
Event: 4.379 Executing VM operation: HandshakeAllThreads done
Event: 4.458 Executing VM operation: HandshakeAllThreads
Event: 4.458 Executing VM operation: HandshakeAllThreads done
Event: 4.494 Executing VM operation: HandshakeAllThreads
Event: 4.495 Executing VM operation: HandshakeAllThreads done
Event: 5.264 Executing VM operation: G1CollectForAllocation
Event: 5.273 Executing VM operation: G1CollectForAllocation done
Event: 7.273 Executing VM operation: Cleanup
Event: 7.273 Executing VM operation: Cleanup done
Event: 8.929 Executing VM operation: HandshakeAllThreads
Event: 8.929 Executing VM operation: HandshakeAllThreads done
Event: 8.936 Executing VM operation: HandshakeAllThreads
Event: 8.937 Executing VM operation: HandshakeAllThreads done

Events (20 events):
Event: 8.874 loading class java/util/concurrent/Semaphore$Sync done
Event: 8.874 loading class java/util/concurrent/Semaphore$NonfairSync done
Event: 8.874 loading class sun/nio/ch/SocketAdaptor
Event: 8.875 loading class sun/nio/ch/SocketAdaptor done
Event: 8.877 loading class sun/nio/ch/SelectionKeyImpl
Event: 8.877 loading class java/nio/channels/spi/AbstractSelectionKey
Event: 8.877 loading class java/nio/channels/SelectionKey
Event: 8.877 loading class java/nio/channels/SelectionKey done
Event: 8.877 loading class java/nio/channels/spi/AbstractSelectionKey done
Event: 8.877 loading class sun/nio/ch/SelectionKeyImpl done
Event: 8.877 loading class java/lang/invoke/ConstantBootstraps
Event: 8.878 loading class java/lang/invoke/ConstantBootstraps done
Event: 8.921 loading class sun/nio/cs/ThreadLocalCoders
Event: 8.921 loading class sun/nio/cs/ThreadLocalCoders done
Event: 8.921 loading class sun/nio/cs/ThreadLocalCoders$1
Event: 8.922 loading class sun/nio/cs/ThreadLocalCoders$Cache
Event: 8.922 loading class sun/nio/cs/ThreadLocalCoders$Cache done
Event: 8.922 loading class sun/nio/cs/ThreadLocalCoders$1 done
Event: 8.922 loading class sun/nio/cs/ThreadLocalCoders$2
Event: 8.922 loading class sun/nio/cs/ThreadLocalCoders$2 done


Dynamic libraries:
0x000000013fb30000 - 0x000000013fb3e000 	C:\bitwork0314\sts-4.14.1.RELEASE\plugins\org.eclipse.justj.openjdk.hotspot.jre.full.win32.x86_64_17.0.2.v20220201-1208\jre\bin\javaw.exe
0x00000000776f0000 - 0x0000000077899000 	C:\Windows\SYSTEM32\ntdll.dll
0x00000000775d0000 - 0x00000000776ef000 	C:\Windows\system32\kernel32.dll
0x000007fefd520000 - 0x000007fefd58c000 	C:\Windows\system32\KERNELBASE.dll
0x000007feed680000 - 0x000007feed698000 	C:\bitwork0314\sts-4.14.1.RELEASE\plugins\org.eclipse.justj.openjdk.hotspot.jre.full.win32.x86_64_17.0.2.v20220201-1208\jre\bin\jli.dll
0x000007fefbe90000 - 0x000007fefc084000 	C:\Windows\WinSxS\amd64_microsoft.windows.common-controls_6595b64144ccf1df_6.0.7601.17514_none_fa396087175ac9ac\COMCTL32.dll
0x000007fefdcb0000 - 0x000007fefdd4f000 	C:\Windows\system32\msvcrt.dll
0x000007feff360000 - 0x000007feff3c7000 	C:\Windows\system32\GDI32.dll
0x00000000774d0000 - 0x00000000775ca000 	C:\Windows\system32\USER32.dll
0x000007feff3d0000 - 0x000007feff3de000 	C:\Windows\system32\LPK.dll
0x000007fefdd50000 - 0x000007fefde19000 	C:\Windows\system32\USP10.dll
0x000007feff1b0000 - 0x000007feff221000 	C:\Windows\system32\SHLWAPI.dll
0x000007feeeb90000 - 0x000007feeeba9000 	C:\bitwork0314\sts-4.14.1.RELEASE\plugins\org.eclipse.justj.openjdk.hotspot.jre.full.win32.x86_64_17.0.2.v20220201-1208\jre\bin\VCRUNTIME140.dll
0x000007fef06d0000 - 0x000007fef06d4000 	C:\bitwork0314\sts-4.14.1.RELEASE\plugins\org.eclipse.justj.openjdk.hotspot.jre.full.win32.x86_64_17.0.2.v20220201-1208\jre\bin\api-ms-win-crt-runtime-l1-1-0.dll
0x000007feeea70000 - 0x000007feeeb6a000 	C:\bitwork0314\sts-4.14.1.RELEASE\plugins\org.eclipse.justj.openjdk.hotspot.jre.full.win32.x86_64_17.0.2.v20220201-1208\jre\bin\ucrtbase.DLL
0x000007feeea60000 - 0x000007feeea63000 	C:\bitwork0314\sts-4.14.1.RELEASE\plugins\org.eclipse.justj.openjdk.hotspot.jre.full.win32.x86_64_17.0.2.v20220201-1208\jre\bin\api-ms-win-core-localization-l1-2-0.dll
0x000007feeea50000 - 0x000007feeea53000 	C:\bitwork0314\sts-4.14.1.RELEASE\plugins\org.eclipse.justj.openjdk.hotspot.jre.full.win32.x86_64_17.0.2.v20220201-1208\jre\bin\api-ms-win-core-processthreads-l1-1-1.dll
0x000007feeea40000 - 0x000007feeea43000 	C:\bitwork0314\sts-4.14.1.RELEASE\plugins\org.eclipse.justj.openjdk.hotspot.jre.full.win32.x86_64_17.0.2.v20220201-1208\jre\bin\api-ms-win-core-file-l1-2-0.dll
0x000007feeea30000 - 0x000007feeea33000 	C:\bitwork0314\sts-4.14.1.RELEASE\plugins\org.eclipse.justj.openjdk.hotspot.jre.full.win32.x86_64_17.0.2.v20220201-1208\jre\bin\api-ms-win-core-timezone-l1-1-0.dll
0x000007feeea20000 - 0x000007feeea23000 	C:\bitwork0314\sts-4.14.1.RELEASE\plugins\org.eclipse.justj.openjdk.hotspot.jre.full.win32.x86_64_17.0.2.v20220201-1208\jre\bin\api-ms-win-core-file-l2-1-0.dll
0x000007feeea10000 - 0x000007feeea13000 	C:\bitwork0314\sts-4.14.1.RELEASE\plugins\org.eclipse.justj.openjdk.hotspot.jre.full.win32.x86_64_17.0.2.v20220201-1208\jre\bin\api-ms-win-core-synch-l1-2-0.dll
0x000007feeea00000 - 0x000007feeea03000 	C:\bitwork0314\sts-4.14.1.RELEASE\plugins\org.eclipse.justj.openjdk.hotspot.jre.full.win32.x86_64_17.0.2.v20220201-1208\jre\bin\api-ms-win-crt-heap-l1-1-0.dll
0x000007feee9f0000 - 0x000007feee9f4000 	C:\bitwork0314\sts-4.14.1.RELEASE\plugins\org.eclipse.justj.openjdk.hotspot.jre.full.win32.x86_64_17.0.2.v20220201-1208\jre\bin\api-ms-win-crt-string-l1-1-0.dll
0x000007feee9e0000 - 0x000007feee9e4000 	C:\bitwork0314\sts-4.14.1.RELEASE\plugins\org.eclipse.justj.openjdk.hotspot.jre.full.win32.x86_64_17.0.2.v20220201-1208\jre\bin\api-ms-win-crt-stdio-l1-1-0.dll
0x000007feee9d0000 - 0x000007feee9d4000 	C:\bitwork0314\sts-4.14.1.RELEASE\plugins\org.eclipse.justj.openjdk.hotspot.jre.full.win32.x86_64_17.0.2.v20220201-1208\jre\bin\api-ms-win-crt-convert-l1-1-0.dll
0x000007feee8b0000 - 0x000007feee8b3000 	C:\bitwork0314\sts-4.14.1.RELEASE\plugins\org.eclipse.justj.openjdk.hotspot.jre.full.win32.x86_64_17.0.2.v20220201-1208\jre\bin\api-ms-win-crt-environment-l1-1-0.dll
0x000007feed490000 - 0x000007feed493000 	C:\bitwork0314\sts-4.14.1.RELEASE\plugins\org.eclipse.justj.openjdk.hotspot.jre.full.win32.x86_64_17.0.2.v20220201-1208\jre\bin\api-ms-win-crt-filesystem-l1-1-0.dll
0x000007feed480000 - 0x000007feed485000 	C:\bitwork0314\sts-4.14.1.RELEASE\plugins\org.eclipse.justj.openjdk.hotspot.jre.full.win32.x86_64_17.0.2.v20220201-1208\jre\bin\api-ms-win-crt-math-l1-1-0.dll
0x000007feed470000 - 0x000007feed473000 	C:\bitwork0314\sts-4.14.1.RELEASE\plugins\org.eclipse.justj.openjdk.hotspot.jre.full.win32.x86_64_17.0.2.v20220201-1208\jre\bin\api-ms-win-crt-locale-l1-1-0.dll
0x000007feff230000 - 0x000007feff25e000 	C:\Windows\system32\IMM32.DLL
0x000007fefeec0000 - 0x000007fefefc9000 	C:\Windows\system32\MSCTF.dll
0x000007feed460000 - 0x000007feed46c000 	C:\bitwork0314\sts-4.14.1.RELEASE\plugins\org.eclipse.justj.openjdk.hotspot.jre.full.win32.x86_64_17.0.2.v20220201-1208\jre\bin\vcruntime140_1.dll
0x000007feed130000 - 0x000007feed1c1000 	C:\bitwork0314\sts-4.14.1.RELEASE\plugins\org.eclipse.justj.openjdk.hotspot.jre.full.win32.x86_64_17.0.2.v20220201-1208\jre\bin\msvcp140.dll
0x000007feed450000 - 0x000007feed453000 	C:\bitwork0314\sts-4.14.1.RELEASE\plugins\org.eclipse.justj.openjdk.hotspot.jre.full.win32.x86_64_17.0.2.v20220201-1208\jre\bin\api-ms-win-crt-time-l1-1-0.dll
0x000007feed440000 - 0x000007feed443000 	C:\bitwork0314\sts-4.14.1.RELEASE\plugins\org.eclipse.justj.openjdk.hotspot.jre.full.win32.x86_64_17.0.2.v20220201-1208\jre\bin\api-ms-win-crt-utility-l1-1-0.dll
0x000007feebac0000 - 0x000007feec707000 	C:\bitwork0314\sts-4.14.1.RELEASE\plugins\org.eclipse.justj.openjdk.hotspot.jre.full.win32.x86_64_17.0.2.v20220201-1208\jre\bin\server\jvm.dll
0x000007feff260000 - 0x000007feff33b000 	C:\Windows\system32\ADVAPI32.dll
0x000007feff340000 - 0x000007feff35f000 	C:\Windows\SYSTEM32\sechost.dll
0x000007feff830000 - 0x000007feff95d000 	C:\Windows\system32\RPCRT4.dll
0x000007fef5fe0000 - 0x000007fef5fe9000 	C:\Windows\system32\WSOCK32.dll
0x000007fefee70000 - 0x000007fefeebd000 	C:\Windows\system32\WS2_32.dll
0x000007fefe030000 - 0x000007fefe038000 	C:\Windows\system32\NSI.dll
0x000007fefaea0000 - 0x000007fefaedb000 	C:\Windows\system32\WINMM.dll
0x000007fefc550000 - 0x000007fefc55c000 	C:\Windows\system32\VERSION.dll
0x00000000778b0000 - 0x00000000778b7000 	C:\Windows\system32\PSAPI.DLL
0x000007feed6b0000 - 0x000007feed6ba000 	C:\bitwork0314\sts-4.14.1.RELEASE\plugins\org.eclipse.justj.openjdk.hotspot.jre.full.win32.x86_64_17.0.2.v20220201-1208\jre\bin\jimage.dll
0x000007fefab00000 - 0x000007fefac25000 	C:\Windows\system32\DBGHELP.DLL
0x000007feed610000 - 0x000007feed635000 	C:\bitwork0314\sts-4.14.1.RELEASE\plugins\org.eclipse.justj.openjdk.hotspot.jre.full.win32.x86_64_17.0.2.v20220201-1208\jre\bin\java.dll
0x000007feed5d0000 - 0x000007feed5e8000 	C:\bitwork0314\sts-4.14.1.RELEASE\plugins\org.eclipse.justj.openjdk.hotspot.jre.full.win32.x86_64_17.0.2.v20220201-1208\jre\bin\zip.dll
0x000007fefe040000 - 0x000007fefedc8000 	C:\Windows\system32\SHELL32.dll
0x000007fefde20000 - 0x000007fefe023000 	C:\Windows\system32\ole32.dll
0x000007fefd4b0000 - 0x000007fefd4bf000 	C:\Windows\system32\profapi.dll
0x000007feed5f0000 - 0x000007feed609000 	C:\bitwork0314\sts-4.14.1.RELEASE\plugins\org.eclipse.justj.openjdk.hotspot.jre.full.win32.x86_64_17.0.2.v20220201-1208\jre\bin\net.dll
0x000007fef6600000 - 0x000007fef6671000 	C:\Windows\system32\WINHTTP.dll
0x000007fef6590000 - 0x000007fef65f4000 	C:\Windows\system32\webio.dll
0x000007fefcc90000 - 0x000007fefcce5000 	C:\Windows\system32\mswsock.dll
0x000007fefcc80000 - 0x000007fefcc87000 	C:\Windows\System32\wship6.dll
0x000007feed590000 - 0x000007feed5a5000 	C:\bitwork0314\sts-4.14.1.RELEASE\plugins\org.eclipse.justj.openjdk.hotspot.jre.full.win32.x86_64_17.0.2.v20220201-1208\jre\bin\nio.dll
0x000007fef06f0000 - 0x000007fef06f9000 	C:\bitwork0314\sts-4.14.1.RELEASE\plugins\org.eclipse.justj.openjdk.hotspot.jre.full.win32.x86_64_17.0.2.v20220201-1208\jre\bin\management.dll
0x000007fef06e0000 - 0x000007fef06eb000 	C:\bitwork0314\sts-4.14.1.RELEASE\plugins\org.eclipse.justj.openjdk.hotspot.jre.full.win32.x86_64_17.0.2.v20220201-1208\jre\bin\management_ext.dll
0x000007fefa6a0000 - 0x000007fefa6b5000 	C:\Windows\system32\NLAapi.dll
0x000007fef6750000 - 0x000007fef6765000 	C:\Windows\system32\napinsp.dll
0x000007fef6730000 - 0x000007fef6749000 	C:\Windows\system32\pnrpnsp.dll
0x000007fef6720000 - 0x000007fef6730000 	C:\Windows\system32\wshbth.dll
0x000007fefcb10000 - 0x000007fefcb6b000 	C:\Windows\system32\DNSAPI.dll
0x000007fef6710000 - 0x000007fef671b000 	C:\Windows\System32\winrnr.dll
0x000007fef86d0000 - 0x000007fef86ff000 	C:\Program Files\Common Files\Microsoft Shared\Windows Live\WLIDNSP.DLL
0x000007fefc620000 - 0x000007fefc627000 	C:\Windows\System32\wshtcpip.dll
0x000007fefa150000 - 0x000007fefa177000 	C:\Windows\system32\IPHLPAPI.DLL
0x000007fefa140000 - 0x000007fefa14b000 	C:\Windows\system32\WINNSI.DLL
0x000007fef8f60000 - 0x000007fef8f68000 	C:\Windows\system32\rasadhlp.dll
0x000007fef9fd0000 - 0x000007fefa023000 	C:\Windows\System32\fwpuclnt.dll
0x000007fefccf0000 - 0x000007fefcd07000 	C:\Windows\system32\CRYPTSP.dll
0x000007fefc9f0000 - 0x000007fefca37000 	C:\Windows\system32\rsaenh.dll
0x000007fefd4e0000 - 0x000007fefd4fe000 	C:\Windows\system32\USERENV.dll
0x000007fefd350000 - 0x000007fefd35f000 	C:\Windows\system32\CRYPTBASE.dll
0x000007fef9f50000 - 0x000007fef9f61000 	C:\Windows\system32\dhcpcsvc6.DLL
0x000007fef9f30000 - 0x000007fef9f48000 	C:\Windows\system32\dhcpcsvc.DLL
0x000007feed5c0000 - 0x000007feed5d0000 	C:\bitwork0314\sts-4.14.1.RELEASE\plugins\org.eclipse.justj.openjdk.hotspot.jre.full.win32.x86_64_17.0.2.v20220201-1208\jre\bin\verify.dll
0x000007fef0750000 - 0x000007fef075e000 	C:\bitwork0314\sts-4.14.1.RELEASE\plugins\org.eclipse.justj.openjdk.hotspot.jre.full.win32.x86_64_17.0.2.v20220201-1208\jre\bin\sunmscapi.dll
0x000007fefd5e0000 - 0x000007fefd74d000 	C:\Windows\system32\CRYPT32.dll
0x000007fefd4c0000 - 0x000007fefd4cf000 	C:\Windows\system32\MSASN1.dll
0x000007fefce70000 - 0x000007fefcec0000 	C:\Windows\system32\ncrypt.dll
0x000007fefce40000 - 0x000007fefce62000 	C:\Windows\system32\bcrypt.dll

dbghelp: loaded successfully - version: 4.0.5 - missing functions: none
symbol engine: initialized successfully - sym options: 0x614 - pdb path: .;C:\bitwork0314\sts-4.14.1.RELEASE\plugins\org.eclipse.justj.openjdk.hotspot.jre.full.win32.x86_64_17.0.2.v20220201-1208\jre\bin;C:\Windows\SYSTEM32;C:\Windows\WinSxS\amd64_microsoft.windows.common-controls_6595b64144ccf1df_6.0.7601.17514_none_fa396087175ac9ac;C:\bitwork0314\sts-4.14.1.RELEASE\plugins\org.eclipse.justj.openjdk.hotspot.jre.full.win32.x86_64_17.0.2.v20220201-1208\jre\bin\server;C:\Program Files\Common Files\Microsoft Shared\Windows Live

VM Arguments:
jvm_args: -Dcom.sun.management.jmxremote -Dcom.sun.management.jmxremote.port=1191 -Dcom.sun.management.jmxremote.authenticate=false -Dcom.sun.management.jmxremote.ssl=false -Djava.rmi.server.hostname=localhost -Dspring.jmx.enabled=true -Dspring.application.admin.enabled=true -XX:TieredStopAtLevel=1 -Dspring.boot.project.name=BootMiniProject -Dfile.encoding=UTF-8 -XX:+ShowCodeDetailsInExceptionMessages 
java_command: project.home.study.BootMiniProjectApplication --spring.output.ansi.enabled=always
java_class_path (initial): C:\Users\james\Documents\workspace-spring-tool-suite-4-4.14.1.RELEASE\BootMiniProject\target\classes;C:\Users\james\.m2\repository\org\springframework\boot\spring-boot-starter-web\2.6.7\spring-boot-starter-web-2.6.7.jar;C:\Users\james\.m2\repository\org\springframework\boot\spring-boot-starter\2.6.7\spring-boot-starter-2.6.7.jar;C:\Users\james\.m2\repository\org\springframework\boot\spring-boot-starter-logging\2.6.7\spring-boot-starter-logging-2.6.7.jar;C:\Users\james\.m2\repository\ch\qos\logback\logback-classic\1.2.11\logback-classic-1.2.11.jar;C:\Users\james\.m2\repository\ch\qos\logback\logback-core\1.2.11\logback-core-1.2.11.jar;C:\Users\james\.m2\repository\org\apache\logging\log4j\log4j-to-slf4j\2.17.2\log4j-to-slf4j-2.17.2.jar;C:\Users\james\.m2\repository\org\apache\logging\log4j\log4j-api\2.17.2\log4j-api-2.17.2.jar;C:\Users\james\.m2\repository\org\slf4j\jul-to-slf4j\1.7.36\jul-to-slf4j-1.7.36.jar;C:\Users\james\.m2\repository\org\yaml\snakeyaml\1.29\snakeyaml-1.29.jar;C:\Users\james\.m2\repository\org\springframework\boot\spring-boot-starter-json\2.6.7\spring-boot-starter-json-2.6.7.jar;C:\Users\james\.m2\repository\com\fasterxml\jackson\core\jackson-databind\2.13.2.1\jackson-databind-2.13.2.1.jar;C:\Users\james\.m2\repository\com\fasterxml\jackson\core\jackson-annotations\2.13.2\jackson-annotations-2.13.2.jar;C:\Users\james\.m2\repository\com\fasterxml\jackson\core\jackson-core\2.13.2\jackson-core-2.13.2.jar;C:\Users\james\.m2\repository\com\fasterxml\jackson\datatype\jackson-datatype-jdk8\2.13.2\jackson-datatype-jdk8-2.13.2.jar;C:\Users\james\.m2\repository\com\fasterxml\jackson\datatype\jackson-datatype-jsr310\2.13.2\jackson-datatype-jsr310-2.13.2.jar;C:\Users\james\.m2\repository\com\fasterxml\jackson\module\jackson-module-parameter-names\2.13.2\jackson-module-parameter-names-2.13.2.jar;C:\Users\james\.m2\repository\org\springframework\spring-web\5.3.19\spring-web-5.3.19.jar;C:\Users\james\.m2\repository\org\springframewo
Launcher Type: SUN_STANDARD

[Global flags]
     intx CICompilerCount                          = 3                                         {product} {ergonomic}
     uint ConcGCThreads                            = 1                                         {product} {ergonomic}
     uint G1ConcRefinementThreads                  = 4                                         {product} {ergonomic}
   size_t G1HeapRegionSize                         = 1048576                                   {product} {ergonomic}
    uintx GCDrainStackTargetSize                   = 64                                        {product} {ergonomic}
   size_t InitialHeapSize                          = 67108864                                  {product} {ergonomic}
     bool ManagementServer                         = true                                      {product} {command line}
   size_t MarkStackSize                            = 4194304                                   {product} {ergonomic}
   size_t MaxHeapSize                              = 1059061760                                {product} {ergonomic}
   size_t MaxNewSize                               = 635437056                                 {product} {ergonomic}
   size_t MinHeapDeltaBytes                        = 1048576                                   {product} {ergonomic}
   size_t MinHeapSize                              = 8388608                                   {product} {ergonomic}
    uintx NonProfiledCodeHeapSize                  = 0                                      {pd product} {ergonomic}
     bool ProfileInterpreter                       = false                                  {pd product} {command line}
    uintx ProfiledCodeHeapSize                     = 0                                      {pd product} {ergonomic}
     bool ShowCodeDetailsInExceptionMessages       = true                                   {manageable} {command line}
   size_t SoftMaxHeapSize                          = 1059061760                             {manageable} {ergonomic}
     intx TieredStopAtLevel                        = 1                                         {product} {command line}
     bool UseCompressedClassPointers               = true                           {product lp64_product} {ergonomic}
     bool UseCompressedOops                        = true                           {product lp64_product} {ergonomic}
     bool UseG1GC                                  = true                                      {product} {ergonomic}
     bool UseLargePagesIndividualAllocation        = false                                  {pd product} {ergonomic}

Logging:
Log output configuration:
 #0: stdout all=warning uptime,level,tags
 #1: stderr all=off uptime,level,tags

Environment Variables:
JAVA_HOME=;C:\bitwork0314\javawork\jdk-11.0.14;
PATH=C:/bitwork0314/sts-4.14.1.RELEASE//plugins/org.eclipse.justj.openjdk.hotspot.jre.full.win32.x86_64_17.0.2.v20220201-1208/jre/bin/server;C:/bitwork0314/sts-4.14.1.RELEASE//plugins/org.eclipse.justj.openjdk.hotspot.jre.full.win32.x86_64_17.0.2.v20220201-1208/jre/bin;C:\Program Files\MySQL\MySQL Server 5.5\bin;C:\oraclexe\app\oracle\product\11.2.0\server\bin;;C:\bitwork0314\javawork\jdk-11.0.14;\bin;C:\bitwork0314\javawork\jdk-11.0.14\bin;C:\Program Files\Git\cmd;;C:\Users\james\AppData\Local\Programs\Microsoft VS Code\bin;C:\bitwork0314\sts-4.14.1.RELEASE;
USERNAME=james
OS=Windows_NT
PROCESSOR_IDENTIFIER=Intel64 Family 6 Model 69 Stepping 1, GenuineIntel



---------------  S Y S T E M  ---------------

OS:
 Windows 7 , 64 bit Build 7601 (6.1.7601.18409)
OS uptime: 0 days 0:05 hours

CPU: total 4 (initial active 4) (2 cores per cpu, 2 threads per core) family 6 model 69 stepping 1 microcode 0x0, cx8, cmov, fxsr, ht, mmx, sse, sse2, sse3, ssse3, sse4.1, sse4.2, popcnt, lzcnt, tsc, tscinvbit, avx, avx2, aes, erms, clmul, bmi1, bmi2, fma, vzeroupper, clflush

Memory: 4k page, system-wide physical 4036M (559M free)
TotalPageFile size 5059M (AvailPageFile size 54M)
current process WorkingSet (physical memory assigned to process): 154M, peak: 154M
current process commit charge ("private bytes"): 189M, peak: 189M

vm_info: OpenJDK 64-Bit Server VM (17.0.2+8) for windows-amd64 JRE (17.0.2+8), built on Jan 20 2022 04:52:34 by "" with MS VC++ 16.7 (VS2019)

END.
